[09:16:18] [ServerMain/INFO]: [bootstrap] Running Java 21 (OpenJDK 64-Bit Server VM 21.0.5+11-Ubuntu-1ubuntu124.04; Ubuntu null) on Linux 6.8.0-51-generic (amd64)
[09:16:18] [ServerMain/INFO]: [bootstrap] Loading Paper 1.21.4-118-main@73f7736 (2025-01-18T13:37:35Z) for Minecraft 1.21.4
[09:16:18] [ServerMain/INFO]: [PluginInitializerManager] Initializing plugins...
[09:16:19] [ServerMain/INFO]: [PluginInitializerManager] Initialized 10 plugins
[09:16:19] [ServerMain/INFO]: [PluginInitializerManager] Bukkit plugins (10):
 - ClearLag (3.2.2), Essentials (2.21.0-dev+155-803771e), EssentialsChat (2.21.0-dev+155-803771e), EssentialsSpawn (2.21.0-dev+155-803771e), LuckPerms (5.4.152), PlaceholderAPI (2.11.6), SkinsRestorer (15.5.2), Skript (2.10.0), TAB (5.0.3), Vault (1.7.3-b131)
[09:16:24] [ServerMain/INFO]: Environment: Environment[sessionHost=https://sessionserver.mojang.com, servicesHost=https://api.minecraftservices.com, name=PROD]
[09:16:26] [ServerMain/INFO]: Loaded 1370 recipes
[09:16:27] [ServerMain/INFO]: Loaded 1481 advancements
[09:16:27] [ServerMain/INFO]: [MCTypeRegistry] Initialising converters for DataConverter...
[09:16:27] [ServerMain/INFO]: [MCTypeRegistry] Finished initialising converters for DataConverter in 262.5ms
[09:16:27] [Server thread/INFO]: Starting minecraft server version 1.21.4
[09:16:27] [Server thread/INFO]: Loading properties
[09:16:27] [Server thread/INFO]: This server is running Paper version 1.21.4-118-main@73f7736 (2025-01-18T13:37:35Z) (Implementing API version 1.21.4-R0.1-SNAPSHOT)
[09:16:27] [Server thread/INFO]: [spark] This server bundles the spark profiler. For more information please visit https://docs.papermc.io/paper/profiling
[09:16:27] [Server thread/INFO]: Server Ping Player Sample Count: 12
[09:16:27] [Server thread/INFO]: Using 4 threads for Netty based IO
[09:16:28] [Server thread/INFO]: [MoonriseCommon] Paper is using 1 worker threads, 1 I/O threads
[09:16:28] [Server thread/INFO]: [ChunkTaskScheduler] Chunk system is using population gen parallelism: true
[09:16:28] [Server thread/INFO]: [spark] Starting background profiler...
[09:16:29] [Server thread/INFO]: Default game type: SURVIVAL
[09:16:29] [Server thread/INFO]: Generating keypair
[09:16:29] [Server thread/INFO]: Starting Minecraft server on *:25567
[09:16:29] [Server thread/INFO]: Using epoll channel type
[09:16:29] [Server thread/INFO]: Paper: Using libdeflate (Linux x86_64) compression from Velocity.
[09:16:29] [Server thread/INFO]: Paper: Using OpenSSL 3.x.x (Linux x86_64) cipher from Velocity.
[09:16:29] [Server thread/INFO]: [LuckPerms] Loading server plugin LuckPerms v5.4.152
[09:16:30] [Server thread/INFO]: [Vault] Loading server plugin Vault v1.7.3-b131
[09:16:30] [Server thread/INFO]: [Essentials] Loading server plugin Essentials v2.21.0-dev+155-803771e
[09:16:30] [Server thread/INFO]: [PlaceholderAPI] Loading server plugin PlaceholderAPI v2.11.6
[09:16:30] [Server thread/INFO]: [EssentialsChat] Loading server plugin EssentialsChat v2.21.0-dev+155-803771e
[09:16:30] [Server thread/INFO]: [EssentialsSpawn] Loading server plugin EssentialsSpawn v2.21.0-dev+155-803771e
[09:16:30] [Server thread/INFO]: [TAB] Loading server plugin TAB v5.0.3
[09:16:30] [Server thread/INFO]: [ClearLag] Loading server plugin ClearLag v3.2.2
[09:16:30] [Server thread/INFO]: [Skript] Loading server plugin Skript v2.10.0
[09:16:30] [Server thread/INFO]: [SkinsRestorer] Loading server plugin SkinsRestorer v15.5.2
[09:16:30] [Server thread/INFO]: Server permissions file permissions.yml is empty, ignoring it
[09:16:30] [Server thread/INFO]: [LuckPerms] Enabling LuckPerms v5.4.152
[09:16:31] [Server thread/INFO]:         __    
[09:16:31] [Server thread/INFO]:   |    |__)   LuckPerms v5.4.152
[09:16:31] [Server thread/INFO]:   |___ |      Running on Bukkit - Paper
[09:16:31] [Server thread/INFO]: 
[09:16:31] [Server thread/INFO]: [LuckPerms] Loading configuration...
[09:16:31] [Server thread/INFO]: [LuckPerms] Loading storage provider... [H2]
[09:16:32] [Server thread/INFO]: [LuckPerms] Loading internal permission managers...
[09:16:33] [Server thread/INFO]: [LuckPerms] Performing initial data load...
[09:16:33] [Server thread/INFO]: [LuckPerms] Successfully enabled. (took 2789ms)
[09:16:33] [Server thread/INFO]: [Vault] Enabling Vault v1.7.3-b131
[09:16:33] [Server thread/INFO]: [Vault] [Economy] Essentials Economy found: Waiting
[09:16:33] [Server thread/INFO]: [Vault] [Permission] SuperPermissions loaded as backup permission system.
[09:16:33] [Server thread/INFO]: [Vault] Enabled Version 1.7.3-b131
[09:16:33] [Server thread/INFO]: [LuckPerms] Registered Vault permission & chat hook.
[09:16:33] [Server thread/INFO]: [SkinsRestorer] Enabling SkinsRestorer v15.5.2
[09:16:35] [Server thread/INFO]: [SkinsRestorer] -------------------------/Warning\-------------------------
[09:16:35] [Server thread/INFO]: [SkinsRestorer] This plugin is running in PROXY mode!
[09:16:35] [Server thread/INFO]: [SkinsRestorer] You have to do all configuration at config file
[09:16:35] [Server thread/INFO]: [SkinsRestorer] inside your BungeeCord/Velocity server.
[09:16:35] [Server thread/INFO]: [SkinsRestorer] (<proxy>/plugins/SkinsRestorer/)
[09:16:35] [Server thread/INFO]: [SkinsRestorer] -------------------------\Warning/-------------------------
[09:16:36] [Server thread/INFO]: [SkinsRestorer] Running on Minecraft 1.21.4.
[09:16:36] [Server thread/INFO]: [PlaceholderAPI] Successfully registered internal expansion: skinsrestorer [15.5.2]
[09:16:36] [Server thread/INFO]: [SkinsRestorer] PlaceholderAPI expansion registered!
[09:16:36] [Server thread/WARN]: **** SERVER IS RUNNING IN OFFLINE/INSECURE MODE!
[09:16:36] [Server thread/WARN]: The server will make no attempt to authenticate usernames. Beware.
[09:16:36] [Server thread/WARN]: Whilst this makes it possible to use Velocity, unless access to your server is properly restricted, it also opens up the ability for hackers to connect with any username they choose.
[09:16:36] [Server thread/WARN]: Please see https://docs.papermc.io/velocity/security for further information.
[09:16:36] [Server thread/WARN]: To change this, set "online-mode" to "true" in the server.properties file.
[09:16:36] [Server thread/INFO]: Preparing level "world"
[09:16:36] [Folia Async Scheduler Thread #0/INFO]: [SkinsRestorer] ----------------------------------------------
[09:16:36] [Folia Async Scheduler Thread #0/INFO]: [SkinsRestorer]     +==================+
[09:16:36] [Folia Async Scheduler Thread #0/INFO]: [SkinsRestorer]     |   SkinsRestorer  |
[09:16:36] [Folia Async Scheduler Thread #0/INFO]: [SkinsRestorer]     |------------------|
[09:16:36] [Folia Async Scheduler Thread #0/INFO]: [SkinsRestorer]     |    Proxy Mode    |
[09:16:36] [Folia Async Scheduler Thread #0/INFO]: [SkinsRestorer]     +==================+
[09:16:36] [Folia Async Scheduler Thread #0/INFO]: [SkinsRestorer] ----------------------------------------------
[09:16:36] [Folia Async Scheduler Thread #0/INFO]: [SkinsRestorer]     Version: 15.5.2
[09:16:36] [Folia Async Scheduler Thread #0/INFO]: [SkinsRestorer]     Commit: ae257f6
[09:16:36] [Folia Async Scheduler Thread #0/INFO]: [SkinsRestorer]     This is the latest version!
[09:16:36] [Folia Async Scheduler Thread #0/INFO]: [SkinsRestorer] ----------------------------------------------
[09:16:36] [Folia Async Scheduler Thread #0/INFO]: [SkinsRestorer] Do you have issues? Read our troubleshooting guide: https://skinsrestorer.net/docs/troubleshooting
[09:16:36] [Folia Async Scheduler Thread #0/INFO]: [SkinsRestorer] Want to support SkinsRestorer? Consider donating: https://skinsrestorer.net/donate
[09:16:37] [Server thread/INFO]: Preparing start region for dimension minecraft:overworld
[09:16:37] [Server thread/INFO]: Preparing spawn area: 0%
[09:16:38] [Server thread/INFO]: Preparing spawn area: 0%
[09:16:38] [Server thread/INFO]: Time elapsed: 952 ms
[09:16:38] [Server thread/INFO]: Preparing start region for dimension minecraft:the_nether
[09:16:38] [Server thread/INFO]: Preparing spawn area: 0%
[09:16:39] [Server thread/INFO]: Preparing spawn area: 81%
[09:16:39] [Server thread/INFO]: Time elapsed: 514 ms
[09:16:39] [Server thread/INFO]: Preparing start region for dimension minecraft:the_end
[09:16:39] [Server thread/INFO]: Preparing spawn area: 0%
[09:16:39] [Server thread/INFO]: Time elapsed: 379 ms
[09:16:39] [Server thread/INFO]: [Essentials] Enabling Essentials v2.21.0-dev+155-803771e
[09:16:40] [Server thread/INFO]: [Essentials] Attempting to convert old kits in config.yml to new kits.yml
[09:16:40] [Server thread/INFO]: [Essentials] No kits found to migrate.
[09:16:40] [Server thread/INFO]: [Essentials] Selected 1.21+ InventoryView Interface ABI Provider as the provider for InventoryViewProvider
[09:16:40] [Server thread/INFO]: [Essentials] Selected 1.14+ Sign Data Provider as the provider for SignDataProvider
[09:16:40] [Server thread/INFO]: [Essentials] Selected Paper Biome Key Provider as the provider for BiomeKeyProvider
[09:16:40] [Server thread/INFO]: [Essentials] Selected 1.12.2+ Player Locale Provider as the provider for PlayerLocaleProvider
[09:16:40] [Server thread/INFO]: [Essentials] Selected 1.11+ Item Unbreakable Provider as the provider for ItemUnbreakableProvider
[09:16:40] [Server thread/INFO]: [Essentials] Selected 1.20.5+ Banner Data Provider as the provider for BannerDataProvider
[09:16:40] [Server thread/INFO]: [Essentials] Selected 1.13+ Spawn Egg Provider as the provider for SpawnEggProvider
[09:16:40] [Server thread/INFO]: [Essentials] Selected 1.14.4+ Persistent Data Container Provider as the provider for PersistentDataProvider
[09:16:40] [Server thread/INFO]: [Essentials] Selected Reflection Formatted Command Alias Provider as the provider for FormattedCommandAliasProvider
[09:16:40] [Server thread/INFO]: [Essentials] Selected 1.17.1+ World Info Provider as the provider for WorldInfoProvider
[09:16:40] [Server thread/INFO]: [Essentials] Selected Reflection Online Mode Provider as the provider for OnlineModeProvider
[09:16:40] [Server thread/INFO]: [Essentials] Selected Paper Serialization Provider as the provider for SerializationProvider
[09:16:40] [Server thread/INFO]: [Essentials] Selected Reflection Spawner Block Provider as the provider for SpawnerBlockProvider
[09:16:40] [Server thread/INFO]: [Essentials] Selected Paper Server State Provider as the provider for ServerStateProvider
[09:16:40] [Server thread/INFO]: [Essentials] Selected Reflection Sync Commands Provider as the provider for SyncCommandsProvider
[09:16:40] [Server thread/INFO]: [Essentials] Selected Paper Material Tag Provider as the provider for MaterialTagProvider
[09:16:40] [Server thread/INFO]: [Essentials] Selected 1.20.6+ Potion Meta Provider as the provider for PotionMetaProvider
[09:16:40] [Server thread/INFO]: [Essentials] Selected 1.8.3+ Spawner Item Provider as the provider for SpawnerItemProvider
[09:16:40] [Server thread/INFO]: [Essentials] Selected 1.20.4+ Damage Event Provider as the provider for DamageEventProvider
[09:16:40] [Server thread/INFO]: [Essentials] Selected Paper Known Commands Provider as the provider for KnownCommandsProvider
[09:16:40] [Server thread/INFO]: [Essentials] Selected Paper Container Provider as the provider for ContainerProvider
[09:16:40] [Server thread/INFO]: [Essentials] Loaded 43465 items from items.json.
[09:16:40] [Server thread/INFO]: [Essentials] Using locale en_US
[09:16:40] [Server thread/INFO]: [Essentials] ServerListPingEvent: Spigot iterator API
[09:16:41] [Server thread/INFO]: [Essentials] Starting Metrics. Opt-out using the global bStats config.
[09:16:41] [Server thread/INFO]: [Vault] [Economy] Essentials Economy hooked.
[09:16:41] [Server thread/INFO]: [Essentials] Using Vault based permissions (LuckPerms)
[09:16:41] [Server thread/INFO]: [PlaceholderAPI] Enabling PlaceholderAPI v2.11.6
[09:16:41] [Server thread/INFO]: [PlaceholderAPI] Fetching available expansion information...
[09:16:41] [Server thread/INFO]: [EssentialsChat] Enabling EssentialsChat v2.21.0-dev+155-803771e
[09:16:41] [Server thread/INFO]: [EssentialsChat] Starting Metrics. Opt-out using the global bStats config.
[09:16:41] [Server thread/INFO]: [EssentialsSpawn] Enabling EssentialsSpawn v2.21.0-dev+155-803771e
[09:16:41] [Server thread/INFO]: [EssentialsSpawn] Starting Metrics. Opt-out using the global bStats config.
[09:16:41] [Server thread/INFO]: [TAB] Enabling TAB v5.0.3
[09:16:41] [Server thread/INFO]: [TAB] Loaded NMS hook in 103ms
[09:16:42] [Server thread/INFO]: [TAB] Enabled in 406ms
[09:16:42] [Server thread/INFO]: [ClearLag] Enabling ClearLag v3.2.2
[09:16:42] [Server thread/INFO]: [ClearLag] Using version-adapter: LatestVersionAdapter
[09:16:42] [Server thread/INFO]: [ClearLag] Loading modules...
[09:16:42] [Server thread/WARN]: [ClearLag] Clearlag failed to use the internal TPS tracker during initialization. Reverted to estimation... (Index 3 out of bounds for length 3)
[09:16:42] [Server thread/INFO]: [ClearLag] Modules enabed, loading config values
[09:16:42] [Server thread/INFO]: [ClearLag] Modules have been loaded!
[09:16:42] [Server thread/INFO]: [ClearLag] Clearlag is now enabled!
[09:16:42] [Thread-10/WARN]: [ClearLag] Clearlag failed to check for updates - bukkit may be down
[09:16:42] [Thread-10/WARN]: java.lang.ArrayIndexOutOfBoundsException: Index 3 out of bounds for length 3
[09:16:42] [Thread-10/WARN]: 	at Clearlag.jar//me.minebuilders.clearlag.Util.getBukkitVersion(Util.java:105)
[09:16:42] [Thread-10/WARN]: 	at Clearlag.jar//me.minebuilders.clearlag.BukkitUpdater.updateAvailable(BukkitUpdater.java:32)
[09:16:42] [Thread-10/WARN]: 	at Clearlag.jar//me.minebuilders.clearlag.BukkitUpdater.run(BukkitUpdater.java:82)
[09:16:42] [Thread-10/WARN]: 	at java.base/java.lang.Thread.run(Thread.java:1583)
[09:16:42] [Server thread/INFO]: [Skript] Enabling Skript v2.10.0
[09:16:43] [ForkJoinPool.commonPool-worker-1/INFO]: [Skript] You're currently running the latest stable version of Skript.
[09:16:44] [Server thread/INFO]: [Skript]  ~ created by & © Peter Güttinger aka Njol ~
[09:16:44] [Server thread/INFO]: [PlaceholderAPI] Placeholder expansion registration initializing...
[09:16:44] [Server thread/INFO]: Done preparing level "world" (8.236s)
[09:16:44] [Server thread/INFO]: Running delayed init tasks
[09:16:44] [Server thread/INFO]: [Essentials] Essentials found a compatible payment resolution method: Vault Compatibility Layer (v1.7.3-b131)!
[09:16:44] [Craft Scheduler Thread - 5 - Vault/INFO]: [Vault] Checking for Updates ... 
[09:16:44] [Craft Scheduler Thread - 3 - Essentials/INFO]: [Essentials] Fetching version information...
[09:16:45] [Craft Scheduler Thread - 5 - Vault/INFO]: [Vault] No new version available
[09:16:46] [ForkJoinPool.commonPool-worker-1/INFO]: [Skript] Loaded 5440 aliases in 1518ms
[09:16:46] [Server thread/INFO]: [Skript] Loading variables...
[09:16:46] [Server thread/INFO]: [Skript] Loaded 3 variables in 0.0 seconds
[09:16:46] [Server thread/INFO]: [Skript] All scripts loaded without errors.
[09:16:46] [Server thread/INFO]: [Skript] Loaded 2 scripts with a total of 4 structures in 0.39 seconds
[09:16:46] [Server thread/INFO]: [Skript] Finished loading.
[09:16:46] [Server thread/INFO]: [PlaceholderAPI] Successfully registered external expansion: vault [1.8.3]
[09:16:46] [Server thread/INFO]: [PlaceholderAPI] Successfully registered external expansion: player [2.0.8]
[09:16:46] [Server thread/INFO]: [PlaceholderAPI] Successfully registered external expansion: server [2.7.3]
[09:16:46] [Server thread/INFO]: [PlaceholderAPI] Successfully registered external expansion: Animations [1.0.5]
[09:16:46] [Server thread/INFO]: 4 placeholder hook(s) registered!
[09:16:46] [Server thread/INFO]: Done (29.137s)! For help, type "help"
[09:16:47] [Craft Scheduler Thread - 3 - Essentials/WARN]: [Essentials] You're 7 EssentialsX dev build(s) out of date!
[09:16:47] [Craft Scheduler Thread - 3 - Essentials/WARN]: [Essentials] Download it here: https://essentialsx.net/downloads.html
[15:16:44] [Craft Scheduler Thread - 2163 - Vault/INFO]: [Vault] Checking for Updates ... 
[15:16:45] [Craft Scheduler Thread - 2163 - Vault/INFO]: [Vault] No new version available
[16:04:19] [Server thread/INFO]: Stopping the server
[16:04:19] [Server thread/INFO]: Stopping server
[16:04:19] [Server thread/INFO]: [SkinsRestorer] Disabling SkinsRestorer v15.5.2
[16:04:19] [Server thread/INFO]: [Skript] Disabling Skript v2.10.0
[16:04:19] [Server thread/INFO]: [ClearLag] Disabling ClearLag v3.2.2
[16:04:19] [Server thread/INFO]: [ClearLag] Clearlag is now disabled!
[16:04:19] [Server thread/INFO]: [TAB] Disabling TAB v5.0.3
[16:04:19] [Server thread/INFO]: [TAB] Disabled in 1ms
[16:04:19] [Server thread/INFO]: [EssentialsSpawn] Disabling EssentialsSpawn v2.21.0-dev+155-803771e
[16:04:19] [Server thread/INFO]: [EssentialsChat] Disabling EssentialsChat v2.21.0-dev+155-803771e
[16:04:19] [Server thread/INFO]: [PlaceholderAPI] Disabling PlaceholderAPI v2.11.6
[16:04:19] [Server thread/INFO]: [Essentials] Disabling Essentials v2.21.0-dev+155-803771e
[16:04:19] [Server thread/INFO]: [Vault] [Economy] Essentials Economy unhooked.
[16:04:19] [Server thread/INFO]: [Vault] Disabling Vault v1.7.3-b131
[16:04:19] [Server thread/INFO]: [LuckPerms] Disabling LuckPerms v5.4.152
[16:04:19] [Server thread/INFO]: [LuckPerms] Starting shutdown process...
[16:04:19] [Server thread/INFO]: [LuckPerms] Closing storage...
[16:04:19] [Server thread/INFO]: [LuckPerms] Goodbye!
[16:04:19] [Server thread/INFO]: Saving players
[16:04:19] [Server thread/INFO]: Saving worlds
[16:04:19] [Server thread/INFO]: Saving chunks for level 'ServerLevel[world]'/minecraft:overworld
[16:04:19] [Server thread/INFO]: [ChunkHolderManager] Waiting 60s for chunk system to halt for world 'world'
[16:04:19] [Server thread/INFO]: [ChunkHolderManager] Halted chunk system for world 'world'
[16:04:19] [Server thread/INFO]: [ChunkHolderManager] Saving all chunkholders for world 'world'
[16:04:19] [Server thread/INFO]: [ChunkHolderManager] Saved 0 block chunks, 14 entity chunks, 0 poi chunks in world 'world' in 0.07s
[16:04:19] [Server thread/INFO]: [ChunkHolderManager] Waiting 60s for chunk I/O to halt for world 'world'
[16:04:19] [Server thread/INFO]: [ChunkHolderManager] Halted I/O scheduler for world 'world'
[16:04:19] [Server thread/INFO]: Saving chunks for level 'ServerLevel[world_nether]'/minecraft:the_nether
[16:04:19] [Server thread/INFO]: [ChunkHolderManager] Waiting 60s for chunk system to halt for world 'world_nether'
[16:04:19] [Server thread/INFO]: [ChunkHolderManager] Halted chunk system for world 'world_nether'
[16:04:19] [Server thread/INFO]: [ChunkHolderManager] Saving all chunkholders for world 'world_nether'
[16:04:19] [Server thread/INFO]: [ChunkHolderManager] Saved 0 block chunks, 1 entity chunks, 0 poi chunks in world 'world_nether' in 0.07s
[16:04:19] [Server thread/INFO]: [ChunkHolderManager] Waiting 60s for chunk I/O to halt for world 'world_nether'
[16:04:19] [Server thread/INFO]: [ChunkHolderManager] Halted I/O scheduler for world 'world_nether'
[16:04:19] [Server thread/INFO]: Saving chunks for level 'ServerLevel[world_the_end]'/minecraft:the_end
[16:04:19] [Server thread/INFO]: [ChunkHolderManager] Waiting 60s for chunk system to halt for world 'world_the_end'
[16:04:19] [Server thread/INFO]: [ChunkHolderManager] Halted chunk system for world 'world_the_end'
[16:04:19] [Server thread/INFO]: [ChunkHolderManager] Saving all chunkholders for world 'world_the_end'
[16:04:20] [Server thread/INFO]: [ChunkHolderManager] Saved 0 block chunks, 1 entity chunks, 0 poi chunks in world 'world_the_end' in 0.04s
[16:04:20] [Server thread/INFO]: [ChunkHolderManager] Waiting 60s for chunk I/O to halt for world 'world_the_end'
[16:04:20] [Server thread/INFO]: [ChunkHolderManager] Halted I/O scheduler for world 'world_the_end'
[16:04:20] [Server thread/INFO]: ThreadedAnvilChunkStorage (world): All chunks are saved
[16:04:20] [Server thread/INFO]: ThreadedAnvilChunkStorage (DIM-1): All chunks are saved
[16:04:20] [Server thread/INFO]: ThreadedAnvilChunkStorage (DIM1): All chunks are saved
[16:04:20] [Server thread/INFO]: ThreadedAnvilChunkStorage: All dimensions are saved
[16:04:20] [Server thread/INFO]: Waiting for I/O tasks to complete...
[16:04:20] [Server thread/INFO]: All I/O tasks to complete
[16:04:20] [Server thread/INFO]: [MoonriseCommon] Awaiting termination of worker pool for up to 60s...
[16:04:20] [Server thread/INFO]: [MoonriseCommon] Awaiting termination of I/O pool for up to 60s...
