[09:16:54] [ServerMain/INFO]: [bootstrap] Running Java 21 (OpenJDK 64-Bit Server VM 21.0.5+11-Ubuntu-1ubuntu124.04; Ubuntu null) on Linux 6.8.0-51-generic (amd64)
[09:16:54] [ServerMain/INFO]: [bootstrap] Loading Paper 1.21.4-118-main@73f7736 (2025-01-18T13:37:35Z) for Minecraft 1.21.4
[09:16:54] [ServerMain/INFO]: [PluginInitializerManager] Initializing plugins...
[09:16:55] [ServerMain/INFO]: [PluginInitializerManager] Initialized 4 plugins
[09:16:55] [ServerMain/INFO]: [PluginInitializerManager] Paper plugins (1):
 - AuthMeVelocity (4.1.2)
[09:16:55] [ServerMain/INFO]: [PluginInitializerManager] Bukkit plugins (3):
 - AuthMe (5.6.0-bCUSTOM), FastLogin (1.12-SNAPSHOT-927f09a), ProtocolLib (5.3.0)
[09:17:01] [ServerMain/INFO]: Environment: Environment[sessionHost=https://sessionserver.mojang.com, servicesHost=https://api.minecraftservices.com, name=PROD]
[09:17:01] [ServerMain/INFO]: [MCTypeRegistry] Initialising converters for DataConverter...
[09:17:01] [ServerMain/INFO]: [MCTypeRegistry] Finished initialising converters for DataConverter in 250.5ms
[09:17:03] [ServerMain/INFO]: Loaded 1370 recipes
[09:17:03] [ServerMain/INFO]: Loaded 1481 advancements
[09:17:03] [Server thread/INFO]: Starting minecraft server version 1.21.4
[09:17:03] [Server thread/INFO]: Loading properties
[09:17:03] [Server thread/INFO]: This server is running Paper version 1.21.4-118-main@73f7736 (2025-01-18T13:37:35Z) (Implementing API version 1.21.4-R0.1-SNAPSHOT)
[09:17:03] [Server thread/INFO]: [spark] This server bundles the spark profiler. For more information please visit https://docs.papermc.io/paper/profiling
[09:17:03] [Server thread/INFO]: Server Ping Player Sample Count: 12
[09:17:03] [Server thread/INFO]: Using 4 threads for Netty based IO
[09:17:03] [Server thread/INFO]: [MoonriseCommon] Paper is using 1 worker threads, 1 I/O threads
[09:17:03] [Server thread/INFO]: [ChunkTaskScheduler] Chunk system is using population gen parallelism: true
[09:17:04] [Server thread/INFO]: Default game type: SURVIVAL
[09:17:04] [Server thread/INFO]: Generating keypair
[09:17:04] [Server thread/INFO]: Starting Minecraft server on *:25566
[09:17:04] [Server thread/INFO]: Using epoll channel type
[09:17:04] [Server thread/INFO]: Paper: Using libdeflate (Linux x86_64) compression from Velocity.
[09:17:04] [Server thread/INFO]: Paper: Using OpenSSL 3.x.x (Linux x86_64) cipher from Velocity.
[09:17:04] [Server thread/INFO]: [FastLogin] Initialize logging service
[09:17:04] [Server thread/INFO]: [FastLogin] Using optimized green threads with Java 21
[09:17:04] [Server thread/INFO]: [ProtocolLib] Loading server plugin ProtocolLib v5.3.0
[09:17:04] [Server thread/WARN]: [ProtocolLib] Version (MC: 1.21.4) has not yet been tested! Proceed with caution.
[09:17:05] [Server thread/INFO]: [AuthMe] Loading server plugin AuthMe v5.6.0-bCUSTOM
[09:17:05] [Server thread/INFO]: [FastLogin] Loading server plugin FastLogin v1.12-SNAPSHOT-927f09a
[09:17:05] [Server thread/INFO]: [AuthMeVelocity] Loading server plugin AuthMeVelocity v4.1.2
[09:17:05] [Server thread/INFO]: Server permissions file permissions.yml is empty, ignoring it
[09:17:05] [Server thread/INFO]: [ProtocolLib] Enabling ProtocolLib v5.3.0
[09:17:05] [Server thread/WARN]: **** SERVER IS RUNNING IN OFFLINE/INSECURE MODE!
[09:17:05] [Server thread/WARN]: The server will make no attempt to authenticate usernames. Beware.
[09:17:05] [Server thread/WARN]: Whilst this makes it possible to use Velocity, unless access to your server is properly restricted, it also opens up the ability for hackers to connect with any username they choose.
[09:17:05] [Server thread/WARN]: Please see https://docs.papermc.io/velocity/security for further information.
[09:17:05] [Server thread/WARN]: To change this, set "online-mode" to "true" in the server.properties file.
[09:17:05] [Server thread/INFO]: Preparing level "world"
[09:17:05] [Server thread/INFO]: Preparing start region for dimension minecraft:overworld
[09:17:05] [Server thread/INFO]: Preparing spawn area: 0%
[09:17:06] [Server thread/INFO]: Time elapsed: 330 ms
[09:17:06] [Server thread/INFO]: Preparing start region for dimension minecraft:the_end
[09:17:06] [Server thread/INFO]: Preparing spawn area: 0%
[09:17:06] [Server thread/INFO]: Time elapsed: 458 ms
[09:17:06] [Server thread/INFO]: [AuthMe] Enabling AuthMe v5.6.0-bCUSTOM
[09:17:06] [Server thread/INFO]: [AuthMe] Connection arguments loaded, Hikari ConnectionPool ready!
[09:17:06] [Server thread/ERROR]: [AuthMe] [STDERR] [Server thread] INFO fr.xephi.authme.libs.com.zaxxer.hikari.HikariDataSource - AuthMeMYSQLPool - Starting...
[09:17:06] [Server thread/WARN]: Nag author(s): '[sgdc3, games647, Hex3l, krusic22]' of 'AuthMe v5.6.0-bCUSTOM' about their usage of System.out/err.print. Please use your plugin's logger instead (JavaPlugin#getLogger).
[09:17:07] [Server thread/ERROR]: [AuthMe] [STDERR] [Server thread] INFO fr.xephi.authme.libs.com.zaxxer.hikari.HikariDataSource - AuthMeMYSQLPool - Start completed.
[09:17:07] [Server thread/INFO]: [AuthMe] MySQL setup finished
[09:17:07] [Server thread/INFO]: [AuthMe] No supported permissions system found! Permissions are disabled!
[09:17:08] [Server thread/INFO]: [AuthMe] AuthMe 5.6.0 build n.CUSTOM successfully enabled!
[09:17:08] [Server thread/INFO]: [FastLogin] Enabling FastLogin v1.12-SNAPSHOT-927f09a
[09:17:08] [Server thread/INFO]: [FastLogin] Found enabled proxy configuration
[09:17:08] [Server thread/INFO]: [FastLogin] Remember to follow the proxy guide to complete your setup
[09:17:08] [Server thread/INFO]: [AuthMeVelocity] Enabling AuthMeVelocity v4.1.2
[09:17:08] [Server thread/INFO]: [AuthMeVelocity] AuthMeVelocity enabled
[09:17:08] [Server thread/INFO]: [spark] Starting background profiler...
[09:17:09] [Server thread/INFO]: Done preparing level "world" (3.839s)
[09:17:09] [Server thread/INFO]: Running delayed init tasks
[09:17:09] [Server thread/INFO]: Done (15.986s)! For help, type "help"
[09:17:09] [Server thread/INFO]: [FastLogin] Hooking into auth plugin: AuthMeHook
[09:17:09] [Server thread/INFO]: [FastLogin] BungeeCord setting detected. No auth plugin is required
[16:04:10] [Server thread/INFO]: Stopping the server
[16:04:10] [Server thread/INFO]: Stopping server
[16:04:10] [Server thread/INFO]: [AuthMeVelocity] Disabling AuthMeVelocity v4.1.2
[16:04:10] [Server thread/INFO]: [AuthMeVelocity] AuthMeVelocity disabled
[16:04:10] [Server thread/INFO]: [FastLogin] Disabling FastLogin v1.12-SNAPSHOT-927f09a
[16:04:10] [Server thread/INFO]: [FastLogin] Safely shutting down scheduler. This could take up to one minute.
[16:04:10] [Server thread/INFO]: [AuthMe] Disabling AuthMe v5.6.0-bCUSTOM
[16:04:10] [Server thread/INFO]: [AuthMe] Waiting for 0 tasks to finish
[16:04:10] [Server thread/ERROR]: [AuthMe] [STDERR] [Server thread] INFO fr.xephi.authme.libs.com.zaxxer.hikari.HikariDataSource - AuthMeMYSQLPool - Shutdown initiated...
[16:04:10] [Server thread/WARN]: Nag author(s): '[sgdc3, games647, Hex3l, krusic22]' of 'AuthMe v5.6.0-bCUSTOM' about their usage of System.out/err.print. Please use your plugin's logger instead (JavaPlugin#getLogger).
[16:04:10] [Server thread/ERROR]: [AuthMe] [STDERR] [Server thread] INFO fr.xephi.authme.libs.com.zaxxer.hikari.HikariDataSource - AuthMeMYSQLPool - Shutdown completed.
[16:04:10] [Server thread/INFO]: [AuthMe] AuthMe 5.6.0-bCUSTOM disabled!
[16:04:10] [Server thread/INFO]: [ProtocolLib] Disabling ProtocolLib v5.3.0
[16:04:10] [Server thread/INFO]: Saving players
[16:04:11] [Server thread/INFO]: Saving worlds
[16:04:11] [Server thread/INFO]: Saving chunks for level 'ServerLevel[world]'/minecraft:overworld
[16:04:11] [Server thread/INFO]: [ChunkHolderManager] Waiting 60s for chunk system to halt for world 'world'
[16:04:11] [Server thread/INFO]: [ChunkHolderManager] Halted chunk system for world 'world'
[16:04:11] [Server thread/INFO]: [ChunkHolderManager] Saving all chunkholders for world 'world'
[16:04:11] [Server thread/INFO]: [ChunkHolderManager] Saved 0 block chunks, 0 entity chunks, 0 poi chunks in world 'world' in 0.01s
[16:04:11] [Server thread/INFO]: [ChunkHolderManager] Waiting 60s for chunk I/O to halt for world 'world'
[16:04:11] [Server thread/INFO]: [ChunkHolderManager] Halted I/O scheduler for world 'world'
[16:04:11] [Server thread/INFO]: Saving chunks for level 'ServerLevel[world_the_end]'/minecraft:the_end
[16:04:11] [Server thread/INFO]: [ChunkHolderManager] Waiting 60s for chunk system to halt for world 'world_the_end'
[16:04:11] [Server thread/INFO]: [ChunkHolderManager] Halted chunk system for world 'world_the_end'
[16:04:11] [Server thread/INFO]: [ChunkHolderManager] Saving all chunkholders for world 'world_the_end'
[16:04:11] [Server thread/INFO]: [ChunkHolderManager] Saved 0 block chunks, 10 entity chunks, 0 poi chunks in world 'world_the_end' in 0.08s
[16:04:11] [Server thread/INFO]: [ChunkHolderManager] Waiting 60s for chunk I/O to halt for world 'world_the_end'
[16:04:11] [Server thread/INFO]: [ChunkHolderManager] Halted I/O scheduler for world 'world_the_end'
[16:04:11] [Server thread/INFO]: ThreadedAnvilChunkStorage (world): All chunks are saved
[16:04:11] [Server thread/INFO]: ThreadedAnvilChunkStorage (DIM1): All chunks are saved
[16:04:11] [Server thread/INFO]: ThreadedAnvilChunkStorage: All dimensions are saved
[16:04:11] [Server thread/INFO]: Waiting for I/O tasks to complete...
[16:04:11] [Server thread/INFO]: All I/O tasks to complete
[16:04:11] [Server thread/INFO]: [MoonriseCommon] Awaiting termination of worker pool for up to 60s...
[16:04:11] [Server thread/INFO]: [MoonriseCommon] Awaiting termination of I/O pool for up to 60s...
